[debug] [2024-01-13T07:02:32.882Z] ----------------------------------------------------------------------
[debug] [2024-01-13T07:02:32.888Z] Command:       C:\Program Files\nodejs\node.exe C:\Users\yashp\AppData\Roaming\npm\node_modules\firebase-tools\lib\bin\firebase.js init
[debug] [2024-01-13T07:02:32.889Z] CLI Version:   13.0.3
[debug] [2024-01-13T07:02:32.890Z] Platform:      win32
[debug] [2024-01-13T07:02:32.891Z] Node Version:  v20.10.0
[debug] [2024-01-13T07:02:32.891Z] Time:          Sat Jan 13 2024 12:32:32 GMT+0530 (India Standard Time)
[debug] [2024-01-13T07:02:32.891Z] ----------------------------------------------------------------------
[debug] 
[debug] [2024-01-13T07:02:32.896Z] >>> [apiv2][query] GET https://firebase-public.firebaseio.com/cli.json [none]
[debug] [2024-01-13T07:02:33.140Z] > command requires scopes: ["email","openid","https://www.googleapis.com/auth/cloudplatformprojects.readonly","https://www.googleapis.com/auth/firebase","https://www.googleapis.com/auth/cloud-platform"]
[debug] [2024-01-13T07:02:33.141Z] > authorizing via signed-in user (yashpadia001@gmail.com)
[info] 
     ######## #### ########  ######## ########     ###     ######  ########
     ##        ##  ##     ## ##       ##     ##  ##   ##  ##       ##
     ######    ##  ########  ######   ########  #########  ######  ######
     ##        ##  ##    ##  ##       ##     ## ##     ##       ## ##
     ##       #### ##     ## ######## ########  ##     ##  ######  ########

You're about to initialize a Firebase project in this directory:

  C:\Users\yashp\OneDrive\Desktop\netflix-gpt

Before we get started, keep in mind:

  * You are initializing within an existing Firebase project directory

[debug] [2024-01-13T07:02:33.857Z] <<< [apiv2][status] GET https://firebase-public.firebaseio.com/cli.json 200
[debug] [2024-01-13T07:02:33.858Z] <<< [apiv2][body] GET https://firebase-public.firebaseio.com/cli.json {"cloudBuildErrorAfter":1594252800000,"cloudBuildWarnAfter":1590019200000,"defaultNode10After":1594252800000,"minVersion":"3.0.5","node8DeploysDisabledAfter":1613390400000,"node8RuntimeDisabledAfter":1615809600000,"node8WarnAfter":1600128000000}
